[ 2015-10-22T08:33:35+08:00 ] 127.0.0.1 /MyBlog_BY_ThinkPHP/MyBlog/
INFO: [ app_init ] --START--
INFO: Run Behavior\BuildLiteBehavior [ RunTime:0.000056s ]
INFO: [ app_init ] --END-- [ RunTime:0.000805s ]
INFO: [ app_begin ] --START--
INFO: Run Behavior\ReadHtmlCacheBehavior [ RunTime:0.000587s ]
INFO: [ app_begin ] --END-- [ RunTime:0.000733s ]
INFO: [ view_parse ] --START--
INFO: [ template_filter ] --START--
INFO: Run Behavior\ContentReplaceBehavior [ RunTime:0.000162s ]
INFO: [ template_filter ] --END-- [ RunTime:0.000324s ]
INFO: Run Behavior\ParseTemplateBehavior [ RunTime:0.010133s ]
INFO: [ view_parse ] --END-- [ RunTime:0.010452s ]
INFO: [ view_filter ] --START--
INFO: Run Behavior\WriteHtmlCacheBehavior [ RunTime:0.000567s ]
INFO: [ view_filter ] --END-- [ RunTime:0.000835s ]
INFO: [ app_end ] --START--
INFO: Run Behavior\ShowPageTraceBehavior [ RunTime:0.001007s ]
INFO: [ app_end ] --END-- [ RunTime:0.001382s ]

[ 2015-10-22T08:33:36+08:00 ] 127.0.0.1 /MyBlog_BY_ThinkPHP/MyBlog/index.php/Home/Index/articleList
INFO: [ app_init ] --START--
INFO: Run Behavior\BuildLiteBehavior [ RunTime:0.000034s ]
INFO: [ app_init ] --END-- [ RunTime:0.000666s ]
INFO: [ app_begin ] --START--
INFO: Run Behavior\ReadHtmlCacheBehavior [ RunTime:0.000589s ]
INFO: [ app_begin ] --END-- [ RunTime:0.000745s ]
INFO: [ view_parse ] --START--
INFO: [ template_filter ] --START--
INFO: Run Behavior\ContentReplaceBehavior [ RunTime:0.000128s ]
INFO: [ template_filter ] --END-- [ RunTime:0.000287s ]
INFO: Run Behavior\ParseTemplateBehavior [ RunTime:0.007551s ]
INFO: [ view_parse ] --END-- [ RunTime:0.007690s ]
INFO: [ view_filter ] --START--
INFO: Run Behavior\WriteHtmlCacheBehavior [ RunTime:0.000384s ]
INFO: [ view_filter ] --END-- [ RunTime:0.000486s ]
INFO: [ app_end ] --START--
INFO: Run Behavior\ShowPageTraceBehavior [ RunTime:0.000521s ]
INFO: [ app_end ] --END-- [ RunTime:0.000626s ]

[ 2015-10-22T08:33:36+08:00 ] 127.0.0.1 /MyBlog_BY_ThinkPHP/MyBlog/index.php/Home/Index/article
INFO: [ app_init ] --START--
INFO: Run Behavior\BuildLiteBehavior [ RunTime:0.000062s ]
INFO: [ app_init ] --END-- [ RunTime:0.000812s ]
INFO: [ app_begin ] --START--
INFO: Run Behavior\ReadHtmlCacheBehavior [ RunTime:0.000876s ]
INFO: [ app_begin ] --END-- [ RunTime:0.001126s ]
INFO: [ view_parse ] --START--
INFO: [ template_filter ] --START--
INFO: Run Behavior\ContentReplaceBehavior [ RunTime:0.000410s ]
INFO: [ template_filter ] --END-- [ RunTime:0.000696s ]
NOTIC: [8] Undefined variable: version D:\wamp\wamp\www\MyBlog_BY_ThinkPHP\MyBlog\Runtime\Cache\Home\53ba93b1ed34d12e06e6ada970de8659.php 第 57 行.
NOTIC: [8] Undefined variable: version D:\wamp\wamp\www\MyBlog_BY_ThinkPHP\MyBlog\Runtime\Cache\Home\53ba93b1ed34d12e06e6ada970de8659.php 第 238 行.
INFO: Run Behavior\ParseTemplateBehavior [ RunTime:0.021933s ]
INFO: [ view_parse ] --END-- [ RunTime:0.022188s ]
INFO: [ view_filter ] --START--
INFO: Run Behavior\WriteHtmlCacheBehavior [ RunTime:0.000750s ]
INFO: [ view_filter ] --END-- [ RunTime:0.001057s ]
INFO: [ app_end ] --START--
INFO: Run Behavior\ShowPageTraceBehavior [ RunTime:0.000904s ]
INFO: [ app_end ] --END-- [ RunTime:0.001258s ]

[ 2015-10-22T08:34:46+08:00 ] 127.0.0.1 /MyBlog_BY_ThinkPHP/MyBlog/
INFO: [ app_init ] --START--
INFO: Run Behavior\BuildLiteBehavior [ RunTime:0.000046s ]
INFO: [ app_init ] --END-- [ RunTime:0.000741s ]
INFO: [ app_begin ] --START--
INFO: Run Behavior\ReadHtmlCacheBehavior [ RunTime:0.000730s ]
INFO: [ app_begin ] --END-- [ RunTime:0.000949s ]
INFO: [ view_parse ] --START--
INFO: [ template_filter ] --START--
INFO: Run Behavior\ContentReplaceBehavior [ RunTime:0.000271s ]
INFO: [ template_filter ] --END-- [ RunTime:0.000489s ]
INFO: Run Behavior\ParseTemplateBehavior [ RunTime:0.013195s ]
INFO: [ view_parse ] --END-- [ RunTime:0.013376s ]
INFO: [ view_filter ] --START--
INFO: Run Behavior\WriteHtmlCacheBehavior [ RunTime:0.000308s ]
INFO: [ view_filter ] --END-- [ RunTime:0.000461s ]
INFO: [ app_end ] --START--
INFO: Run Behavior\ShowPageTraceBehavior [ RunTime:0.000664s ]
INFO: [ app_end ] --END-- [ RunTime:0.000902s ]

[ 2015-10-22T08:34:47+08:00 ] 127.0.0.1 /MyBlog_BY_ThinkPHP/MyBlog/index.php/Home/Index/articleList
INFO: [ app_init ] --START--
INFO: Run Behavior\BuildLiteBehavior [ RunTime:0.000050s ]
INFO: [ app_init ] --END-- [ RunTime:0.000631s ]
INFO: [ app_begin ] --START--
INFO: Run Behavior\ReadHtmlCacheBehavior [ RunTime:0.000892s ]
INFO: [ app_begin ] --END-- [ RunTime:0.001152s ]
INFO: [ view_parse ] --START--
INFO: [ template_filter ] --START--
INFO: Run Behavior\ContentReplaceBehavior [ RunTime:0.000108s ]
INFO: [ template_filter ] --END-- [ RunTime:0.000239s ]
INFO: Run Behavior\ParseTemplateBehavior [ RunTime:0.007542s ]
INFO: [ view_parse ] --END-- [ RunTime:0.007704s ]
INFO: [ view_filter ] --START--
INFO: Run Behavior\WriteHtmlCacheBehavior [ RunTime:0.000313s ]
INFO: [ view_filter ] --END-- [ RunTime:0.000424s ]
INFO: [ app_end ] --START--
INFO: Run Behavior\ShowPageTraceBehavior [ RunTime:0.000435s ]
INFO: [ app_end ] --END-- [ RunTime:0.000535s ]

[ 2015-10-22T08:36:23+08:00 ] 127.0.0.1 /MyBlog_BY_ThinkPHP/MyBlog/
INFO: [ app_init ] --START--
INFO: Run Behavior\BuildLiteBehavior [ RunTime:0.000049s ]
INFO: [ app_init ] --END-- [ RunTime:0.000605s ]
INFO: [ app_begin ] --START--
INFO: Run Behavior\ReadHtmlCacheBehavior [ RunTime:0.000664s ]
INFO: [ app_begin ] --END-- [ RunTime:0.000829s ]
INFO: [ view_parse ] --START--
INFO: [ template_filter ] --START--
INFO: Run Behavior\ContentReplaceBehavior [ RunTime:0.000188s ]
INFO: [ template_filter ] --END-- [ RunTime:0.000373s ]
INFO: Run Behavior\ParseTemplateBehavior [ RunTime:0.011152s ]
INFO: [ view_parse ] --END-- [ RunTime:0.011323s ]
INFO: [ view_filter ] --START--
INFO: Run Behavior\WriteHtmlCacheBehavior [ RunTime:0.000440s ]
INFO: [ view_filter ] --END-- [ RunTime:0.000591s ]
INFO: [ app_end ] --START--
INFO: Run Behavior\ShowPageTraceBehavior [ RunTime:0.000909s ]
INFO: [ app_end ] --END-- [ RunTime:0.001216s ]

[ 2015-10-22T08:36:24+08:00 ] 127.0.0.1 /MyBlog_BY_ThinkPHP/MyBlog/index.php/Home/Index/articleList
INFO: [ app_init ] --START--
INFO: Run Behavior\BuildLiteBehavior [ RunTime:0.000065s ]
INFO: [ app_init ] --END-- [ RunTime:0.000794s ]
INFO: [ app_begin ] --START--
INFO: Run Behavior\ReadHtmlCacheBehavior [ RunTime:0.000617s ]
INFO: [ app_begin ] --END-- [ RunTime:0.000751s ]
INFO: [ view_parse ] --START--
INFO: [ template_filter ] --START--
INFO: Run Behavior\ContentReplaceBehavior [ RunTime:0.000108s ]
INFO: [ template_filter ] --END-- [ RunTime:0.000234s ]
INFO: Run Behavior\ParseTemplateBehavior [ RunTime:0.007447s ]
INFO: [ view_parse ] --END-- [ RunTime:0.007659s ]
INFO: [ view_filter ] --START--
INFO: Run Behavior\WriteHtmlCacheBehavior [ RunTime:0.000361s ]
INFO: [ view_filter ] --END-- [ RunTime:0.000470s ]
INFO: [ app_end ] --START--
INFO: Run Behavior\ShowPageTraceBehavior [ RunTime:0.000511s ]
INFO: [ app_end ] --END-- [ RunTime:0.000614s ]

[ 2015-10-22T08:36:24+08:00 ] 127.0.0.1 /MyBlog_BY_ThinkPHP/MyBlog/index.php/Home/Index/article
INFO: [ app_init ] --START--
INFO: Run Behavior\BuildLiteBehavior [ RunTime:0.000029s ]
INFO: [ app_init ] --END-- [ RunTime:0.000457s ]
INFO: [ app_begin ] --START--
INFO: Run Behavior\ReadHtmlCacheBehavior [ RunTime:0.000423s ]
INFO: [ app_begin ] --END-- [ RunTime:0.000529s ]
INFO: [ view_parse ] --START--
INFO: [ template_filter ] --START--
INFO: Run Behavior\ContentReplaceBehavior [ RunTime:0.000654s ]
INFO: [ template_filter ] --END-- [ RunTime:0.000975s ]
NOTIC: [8] Undefined variable: version D:\wamp\wamp\www\MyBlog_BY_ThinkPHP\MyBlog\Runtime\Cache\Home\53ba93b1ed34d12e06e6ada970de8659.php 第 57 行.
NOTIC: [8] Undefined variable: version D:\wamp\wamp\www\MyBlog_BY_ThinkPHP\MyBlog\Runtime\Cache\Home\53ba93b1ed34d12e06e6ada970de8659.php 第 238 行.
INFO: Run Behavior\ParseTemplateBehavior [ RunTime:0.018763s ]
INFO: [ view_parse ] --END-- [ RunTime:0.019003s ]
INFO: [ view_filter ] --START--
INFO: Run Behavior\WriteHtmlCacheBehavior [ RunTime:0.000545s ]
INFO: [ view_filter ] --END-- [ RunTime:0.000770s ]
INFO: [ app_end ] --START--
INFO: Run Behavior\ShowPageTraceBehavior [ RunTime:0.001069s ]
INFO: [ app_end ] --END-- [ RunTime:0.001384s ]

[ 2015-10-22T08:36:40+08:00 ] 127.0.0.1 /MyBlog_BY_ThinkPHP/MyBlog/
INFO: [ app_init ] --START--
INFO: Run Behavior\BuildLiteBehavior [ RunTime:0.000061s ]
INFO: [ app_init ] --END-- [ RunTime:0.000630s ]
INFO: [ app_begin ] --START--
INFO: Run Behavior\ReadHtmlCacheBehavior [ RunTime:0.000996s ]
INFO: [ app_begin ] --END-- [ RunTime:0.001257s ]
INFO: [ view_parse ] --START--
INFO: [ template_filter ] --START--
INFO: Run Behavior\ContentReplaceBehavior [ RunTime:0.000210s ]
INFO: [ template_filter ] --END-- [ RunTime:0.000402s ]
INFO: Run Behavior\ParseTemplateBehavior [ RunTime:0.010510s ]
INFO: [ view_parse ] --END-- [ RunTime:0.010693s ]
INFO: [ view_filter ] --START--
INFO: Run Behavior\WriteHtmlCacheBehavior [ RunTime:0.000363s ]
INFO: [ view_filter ] --END-- [ RunTime:0.000516s ]
INFO: [ app_end ] --START--
INFO: Run Behavior\ShowPageTraceBehavior [ RunTime:0.000874s ]
INFO: [ app_end ] --END-- [ RunTime:0.001132s ]

[ 2015-10-22T08:36:41+08:00 ] 127.0.0.1 /MyBlog_BY_ThinkPHP/MyBlog/index.php/Home/Index/articleList
INFO: [ app_init ] --START--
INFO: Run Behavior\BuildLiteBehavior [ RunTime:0.000032s ]
INFO: [ app_init ] --END-- [ RunTime:0.000519s ]
INFO: [ app_begin ] --START--
INFO: Run Behavior\ReadHtmlCacheBehavior [ RunTime:0.000608s ]
INFO: [ app_begin ] --END-- [ RunTime:0.000748s ]
INFO: [ view_parse ] --START--
INFO: [ template_filter ] --START--
INFO: Run Behavior\ContentReplaceBehavior [ RunTime:0.000110s ]
INFO: [ template_filter ] --END-- [ RunTime:0.000233s ]
INFO: Run Behavior\ParseTemplateBehavior [ RunTime:0.007059s ]
INFO: [ view_parse ] --END-- [ RunTime:0.007195s ]
INFO: [ view_filter ] --START--
INFO: Run Behavior\WriteHtmlCacheBehavior [ RunTime:0.000363s ]
INFO: [ view_filter ] --END-- [ RunTime:0.000464s ]
INFO: [ app_end ] --START--
INFO: Run Behavior\ShowPageTraceBehavior [ RunTime:0.000469s ]
INFO: [ app_end ] --END-- [ RunTime:0.000572s ]

[ 2015-10-22T08:36:41+08:00 ] 127.0.0.1 /MyBlog_BY_ThinkPHP/MyBlog/index.php/Home/Index/article
INFO: [ app_init ] --START--
INFO: Run Behavior\BuildLiteBehavior [ RunTime:0.000031s ]
INFO: [ app_init ] --END-- [ RunTime:0.000466s ]
INFO: [ app_begin ] --START--
INFO: Run Behavior\ReadHtmlCacheBehavior [ RunTime:0.000812s ]
INFO: [ app_begin ] --END-- [ RunTime:0.001033s ]
INFO: [ view_parse ] --START--
INFO: [ template_filter ] --START--
INFO: Run Behavior\ContentReplaceBehavior [ RunTime:0.000288s ]
INFO: [ template_filter ] --END-- [ RunTime:0.000413s ]
NOTIC: [8] Undefined variable: version D:\wamp\wamp\www\MyBlog_BY_ThinkPHP\MyBlog\Runtime\Cache\Home\53ba93b1ed34d12e06e6ada970de8659.php 第 57 行.
NOTIC: [8] Undefined variable: version D:\wamp\wamp\www\MyBlog_BY_ThinkPHP\MyBlog\Runtime\Cache\Home\53ba93b1ed34d12e06e6ada970de8659.php 第 238 行.
INFO: Run Behavior\ParseTemplateBehavior [ RunTime:0.013512s ]
INFO: [ view_parse ] --END-- [ RunTime:0.013671s ]
INFO: [ view_filter ] --START--
INFO: Run Behavior\WriteHtmlCacheBehavior [ RunTime:0.000304s ]
INFO: [ view_filter ] --END-- [ RunTime:0.000408s ]
INFO: [ app_end ] --START--
INFO: Run Behavior\ShowPageTraceBehavior [ RunTime:0.000624s ]
INFO: [ app_end ] --END-- [ RunTime:0.000932s ]

[ 2015-10-22T08:36:53+08:00 ] 127.0.0.1 /MyBlog_BY_ThinkPHP/MyBlog/
INFO: [ app_init ] --START--
INFO: Run Behavior\BuildLiteBehavior [ RunTime:0.000031s ]
INFO: [ app_init ] --END-- [ RunTime:0.000458s ]
INFO: [ app_begin ] --START--
INFO: Run Behavior\ReadHtmlCacheBehavior [ RunTime:0.000418s ]
INFO: [ app_begin ] --END-- [ RunTime:0.000545s ]
INFO: [ view_parse ] --START--
INFO: [ template_filter ] --START--
INFO: Run Behavior\ContentReplaceBehavior [ RunTime:0.000179s ]
INFO: [ template_filter ] --END-- [ RunTime:0.000330s ]
INFO: Run Behavior\ParseTemplateBehavior [ RunTime:0.008482s ]
INFO: [ view_parse ] --END-- [ RunTime:0.008652s ]
INFO: [ view_filter ] --START--
INFO: Run Behavior\WriteHtmlCacheBehavior [ RunTime:0.000318s ]
INFO: [ view_filter ] --END-- [ RunTime:0.000436s ]
INFO: [ app_end ] --START--
INFO: Run Behavior\ShowPageTraceBehavior [ RunTime:0.000670s ]
INFO: [ app_end ] --END-- [ RunTime:0.000914s ]

[ 2015-10-22T08:36:54+08:00 ] 127.0.0.1 /MyBlog_BY_ThinkPHP/MyBlog/index.php/Home/Index/articleList
INFO: [ app_init ] --START--
INFO: Run Behavior\BuildLiteBehavior [ RunTime:0.000064s ]
INFO: [ app_init ] --END-- [ RunTime:0.000910s ]
INFO: [ app_begin ] --START--
INFO: Run Behavior\ReadHtmlCacheBehavior [ RunTime:0.000652s ]
INFO: [ app_begin ] --END-- [ RunTime:0.000802s ]
INFO: [ view_parse ] --START--
INFO: [ template_filter ] --START--
INFO: Run Behavior\ContentReplaceBehavior [ RunTime:0.000101s ]
INFO: [ template_filter ] --END-- [ RunTime:0.000258s ]
INFO: Run Behavior\ParseTemplateBehavior [ RunTime:0.007290s ]
INFO: [ view_parse ] --END-- [ RunTime:0.007453s ]
INFO: [ view_filter ] --START--
INFO: Run Behavior\WriteHtmlCacheBehavior [ RunTime:0.000342s ]
INFO: [ view_filter ] --END-- [ RunTime:0.000459s ]
INFO: [ app_end ] --START--
INFO: Run Behavior\ShowPageTraceBehavior [ RunTime:0.000489s ]
INFO: [ app_end ] --END-- [ RunTime:0.000592s ]

[ 2015-10-22T08:36:54+08:00 ] 127.0.0.1 /MyBlog_BY_ThinkPHP/MyBlog/index.php/Home/Index/article
INFO: [ app_init ] --START--
INFO: Run Behavior\BuildLiteBehavior [ RunTime:0.000055s ]
INFO: [ app_init ] --END-- [ RunTime:0.000729s ]
INFO: [ app_begin ] --START--
INFO: Run Behavior\ReadHtmlCacheBehavior [ RunTime:0.000718s ]
INFO: [ app_begin ] --END-- [ RunTime:0.000948s ]
INFO: [ view_parse ] --START--
INFO: [ template_filter ] --START--
INFO: Run Behavior\ContentReplaceBehavior [ RunTime:0.000400s ]
INFO: [ template_filter ] --END-- [ RunTime:0.000607s ]
NOTIC: [8] Undefined variable: version D:\wamp\wamp\www\MyBlog_BY_ThinkPHP\MyBlog\Runtime\Cache\Home\53ba93b1ed34d12e06e6ada970de8659.php 第 57 行.
NOTIC: [8] Undefined variable: version D:\wamp\wamp\www\MyBlog_BY_ThinkPHP\MyBlog\Runtime\Cache\Home\53ba93b1ed34d12e06e6ada970de8659.php 第 238 行.
INFO: Run Behavior\ParseTemplateBehavior [ RunTime:0.015175s ]
INFO: [ view_parse ] --END-- [ RunTime:0.015389s ]
INFO: [ view_filter ] --START--
INFO: Run Behavior\WriteHtmlCacheBehavior [ RunTime:0.000306s ]
INFO: [ view_filter ] --END-- [ RunTime:0.000404s ]
INFO: [ app_end ] --START--
INFO: Run Behavior\ShowPageTraceBehavior [ RunTime:0.000700s ]
INFO: [ app_end ] --END-- [ RunTime:0.000952s ]

